2018-07-02 06:13:18 Error: Fatal Error (1): Uncaught TypeError: Argument 1 passed to ErrorHandler::handleException() must be an instance of Exception, instance of ParseError given in /var/www/html/cakephp/clickmedia/chesapeakeloanservices.xyz/lib/Cake/Error/ErrorHandler.php:116
Stack trace:
#0 [internal function]: ErrorHandler::handleException(Object(ParseError))
#1 {main}
  thrown in [/var/www/html/cakephp/clickmedia/chesapeakeloanservices.xyz/lib/Cake/Error/ErrorHandler.php, line 116]
2018-07-02 06:13:18 Error: [InternalErrorException] Internal Server Error
Request URL: /application/setSessionDataAjax?q=%2Fapplication%2FsetSessionDataAjax
Stack Trace:
#0 /var/www/html/cakephp/clickmedia/chesapeakeloanservices.xyz/lib/Cake/Error/ErrorHandler.php(213): ErrorHandler::handleFatalError(1, 'Uncaught TypeEr...', '/var/www/html/c...', 116)
#1 /var/www/html/cakephp/clickmedia/chesapeakeloanservices.xyz/lib/Cake/Core/App.php(933): ErrorHandler::handleError(1, 'Uncaught TypeEr...', '/var/www/html/c...', 116, Array)
#2 /var/www/html/cakephp/clickmedia/chesapeakeloanservices.xyz/lib/Cake/Core/App.php(906): App::_checkFatalError()
#3 [internal function]: App::shutdown()
#4 {main}
2018-07-02 06:13:44 Error: Fatal Error (1): Uncaught TypeError: Argument 1 passed to ErrorHandler::handleException() must be an instance of Exception, instance of ParseError given in /var/www/html/cakephp/clickmedia/chesapeakeloanservices.xyz/lib/Cake/Error/ErrorHandler.php:116
Stack trace:
#0 [internal function]: ErrorHandler::handleException(Object(ParseError))
#1 {main}
  thrown in [/var/www/html/cakephp/clickmedia/chesapeakeloanservices.xyz/lib/Cake/Error/ErrorHandler.php, line 116]
2018-07-02 06:13:44 Error: [InternalErrorException] Internal Server Error
Request URL: /application?q=%2Fapplication
Stack Trace:
#0 /var/www/html/cakephp/clickmedia/chesapeakeloanservices.xyz/lib/Cake/Error/ErrorHandler.php(213): ErrorHandler::handleFatalError(1, 'Uncaught TypeEr...', '/var/www/html/c...', 116)
#1 /var/www/html/cakephp/clickmedia/chesapeakeloanservices.xyz/lib/Cake/Core/App.php(933): ErrorHandler::handleError(1, 'Uncaught TypeEr...', '/var/www/html/c...', 116, Array)
#2 /var/www/html/cakephp/clickmedia/chesapeakeloanservices.xyz/lib/Cake/Core/App.php(906): App::_checkFatalError()
#3 [internal function]: App::shutdown()
#4 {main}
2018-07-02 06:13:54 Error: Fatal Error (1): Uncaught TypeError: Argument 1 passed to ErrorHandler::handleException() must be an instance of Exception, instance of ParseError given in /var/www/html/cakephp/clickmedia/chesapeakeloanservices.xyz/lib/Cake/Error/ErrorHandler.php:116
Stack trace:
#0 [internal function]: ErrorHandler::handleException(Object(ParseError))
#1 {main}
  thrown in [/var/www/html/cakephp/clickmedia/chesapeakeloanservices.xyz/lib/Cake/Error/ErrorHandler.php, line 116]
2018-07-02 06:13:54 Error: [InternalErrorException] Internal Server Error
Request URL: /application/setSessionDataAjax?q=%2Fapplication%2FsetSessionDataAjax
Stack Trace:
#0 /var/www/html/cakephp/clickmedia/chesapeakeloanservices.xyz/lib/Cake/Error/ErrorHandler.php(213): ErrorHandler::handleFatalError(1, 'Uncaught TypeEr...', '/var/www/html/c...', 116)
#1 /var/www/html/cakephp/clickmedia/chesapeakeloanservices.xyz/lib/Cake/Core/App.php(933): ErrorHandler::handleError(1, 'Uncaught TypeEr...', '/var/www/html/c...', 116, Array)
#2 /var/www/html/cakephp/clickmedia/chesapeakeloanservices.xyz/lib/Cake/Core/App.php(906): App::_checkFatalError()
#3 [internal function]: App::shutdown()
#4 {main}
2018-07-02 06:14:31 Error: Fatal Error (1): Uncaught TypeError: Argument 1 passed to ErrorHandler::handleException() must be an instance of Exception, instance of ParseError given in /var/www/html/cakephp/clickmedia/chesapeakeloanservices.xyz/lib/Cake/Error/ErrorHandler.php:116
Stack trace:
#0 [internal function]: ErrorHandler::handleException(Object(ParseError))
#1 {main}
  thrown in [/var/www/html/cakephp/clickmedia/chesapeakeloanservices.xyz/lib/Cake/Error/ErrorHandler.php, line 116]
2018-07-02 06:14:31 Error: [InternalErrorException] Internal Server Error
Request URL: /application/setSessionDataAjax?q=%2Fapplication%2FsetSessionDataAjax
Stack Trace:
#0 /var/www/html/cakephp/clickmedia/chesapeakeloanservices.xyz/lib/Cake/Error/ErrorHandler.php(213): ErrorHandler::handleFatalError(1, 'Uncaught TypeEr...', '/var/www/html/c...', 116)
#1 /var/www/html/cakephp/clickmedia/chesapeakeloanservices.xyz/lib/Cake/Core/App.php(933): ErrorHandler::handleError(1, 'Uncaught TypeEr...', '/var/www/html/c...', 116, Array)
#2 /var/www/html/cakephp/clickmedia/chesapeakeloanservices.xyz/lib/Cake/Core/App.php(906): App::_checkFatalError()
#3 [internal function]: App::shutdown()
#4 {main}
2018-07-02 06:14:31 Error: Fatal Error (1): Uncaught TypeError: Argument 1 passed to ErrorHandler::handleException() must be an instance of Exception, instance of ParseError given in /var/www/html/cakephp/clickmedia/chesapeakeloanservices.xyz/lib/Cake/Error/ErrorHandler.php:116
Stack trace:
#0 [internal function]: ErrorHandler::handleException(Object(ParseError))
#1 {main}
  thrown in [/var/www/html/cakephp/clickmedia/chesapeakeloanservices.xyz/lib/Cake/Error/ErrorHandler.php, line 116]
2018-07-02 06:14:31 Error: [InternalErrorException] Internal Server Error
Request URL: /application/setSessionDataAjax?q=%2Fapplication%2FsetSessionDataAjax
Stack Trace:
#0 /var/www/html/cakephp/clickmedia/chesapeakeloanservices.xyz/lib/Cake/Error/ErrorHandler.php(213): ErrorHandler::handleFatalError(1, 'Uncaught TypeEr...', '/var/www/html/c...', 116)
#1 /var/www/html/cakephp/clickmedia/chesapeakeloanservices.xyz/lib/Cake/Core/App.php(933): ErrorHandler::handleError(1, 'Uncaught TypeEr...', '/var/www/html/c...', 116, Array)
#2 /var/www/html/cakephp/clickmedia/chesapeakeloanservices.xyz/lib/Cake/Core/App.php(906): App::_checkFatalError()
#3 [internal function]: App::shutdown()
#4 {main}
2018-07-02 06:14:31 Error: Fatal Error (1): Uncaught TypeError: Argument 1 passed to ErrorHandler::handleException() must be an instance of Exception, instance of ParseError given in /var/www/html/cakephp/clickmedia/chesapeakeloanservices.xyz/lib/Cake/Error/ErrorHandler.php:116
Stack trace:
#0 [internal function]: ErrorHandler::handleException(Object(ParseError))
#1 {main}
  thrown in [/var/www/html/cakephp/clickmedia/chesapeakeloanservices.xyz/lib/Cake/Error/ErrorHandler.php, line 116]
2018-07-02 06:14:31 Error: [InternalErrorException] Internal Server Error
Request URL: /application?q=%2Fapplication
Stack Trace:
#0 /var/www/html/cakephp/clickmedia/chesapeakeloanservices.xyz/lib/Cake/Error/ErrorHandler.php(213): ErrorHandler::handleFatalError(1, 'Uncaught TypeEr...', '/var/www/html/c...', 116)
#1 /var/www/html/cakephp/clickmedia/chesapeakeloanservices.xyz/lib/Cake/Core/App.php(933): ErrorHandler::handleError(1, 'Uncaught TypeEr...', '/var/www/html/c...', 116, Array)
#2 /var/www/html/cakephp/clickmedia/chesapeakeloanservices.xyz/lib/Cake/Core/App.php(906): App::_checkFatalError()
#3 [internal function]: App::shutdown()
#4 {main}
2018-08-10 10:08:47 Warning: Warning (2): srand() expects parameter 1 to be integer, string given in [/var/www/html/cakephp/clickmedia/chesapeakeloanservices.xyz/lib/Cake/Utility/Security.php, line 190]
Trace:
srand - [internal], line ??
Security::cipher() - CORE/Cake/Utility/Security.php, line 190
CookieComponent::_encrypt() - CORE/Cake/Controller/Component/CookieComponent.php, line 483
CookieComponent::_write() - CORE/Cake/Controller/Component/CookieComponent.php, line 433
CookieComponent::write() - CORE/Cake/Controller/Component/CookieComponent.php, line 253
ApplicationController::beforeFilter() - APP/Controller/ApplicationController.php, line 62
CakeEventManager::dispatch() - CORE/Cake/Event/CakeEventManager.php, line 243
Controller::startupProcess() - CORE/Cake/Controller/Controller.php, line 676
Dispatcher::_invoke() - CORE/Cake/Routing/Dispatcher.php, line 189
Dispatcher::dispatch() - CORE/Cake/Routing/Dispatcher.php, line 167
[main] - APP/webroot/index.php, line 117

2018-08-10 10:08:54 Warning: Warning (2): srand() expects parameter 1 to be integer, string given in [/var/www/html/cakephp/clickmedia/chesapeakeloanservices.xyz/lib/Cake/Utility/Security.php, line 190]
Trace:
srand - [internal], line ??
Security::cipher() - CORE/Cake/Utility/Security.php, line 190
CookieComponent::_encrypt() - CORE/Cake/Controller/Component/CookieComponent.php, line 483
CookieComponent::_write() - CORE/Cake/Controller/Component/CookieComponent.php, line 433
CookieComponent::write() - CORE/Cake/Controller/Component/CookieComponent.php, line 253
ApplicationController::beforeFilter() - APP/Controller/ApplicationController.php, line 62
CakeEventManager::dispatch() - CORE/Cake/Event/CakeEventManager.php, line 243
Controller::startupProcess() - CORE/Cake/Controller/Controller.php, line 676
Dispatcher::_invoke() - CORE/Cake/Routing/Dispatcher.php, line 189
Dispatcher::dispatch() - CORE/Cake/Routing/Dispatcher.php, line 167
[main] - APP/webroot/index.php, line 117

2018-08-10 10:08:54 Warning: Warning (2): srand() expects parameter 1 to be integer, string given in [/var/www/html/cakephp/clickmedia/chesapeakeloanservices.xyz/lib/Cake/Utility/Security.php, line 190]
Trace:
srand - [internal], line ??
Security::cipher() - CORE/Cake/Utility/Security.php, line 190
CookieComponent::_encrypt() - CORE/Cake/Controller/Component/CookieComponent.php, line 483
CookieComponent::_write() - CORE/Cake/Controller/Component/CookieComponent.php, line 433
CookieComponent::write() - CORE/Cake/Controller/Component/CookieComponent.php, line 253
ApplicationController::beforeFilter() - APP/Controller/ApplicationController.php, line 62
CakeEventManager::dispatch() - CORE/Cake/Event/CakeEventManager.php, line 243
Controller::startupProcess() - CORE/Cake/Controller/Controller.php, line 676
Dispatcher::_invoke() - CORE/Cake/Routing/Dispatcher.php, line 189
Dispatcher::dispatch() - CORE/Cake/Routing/Dispatcher.php, line 167
[main] - APP/webroot/index.php, line 117

2018-08-10 10:08:54 Warning: Warning (2): srand() expects parameter 1 to be integer, string given in [/var/www/html/cakephp/clickmedia/chesapeakeloanservices.xyz/lib/Cake/Utility/Security.php, line 190]
Trace:
srand - [internal], line ??
Security::cipher() - CORE/Cake/Utility/Security.php, line 190
CookieComponent::_encrypt() - CORE/Cake/Controller/Component/CookieComponent.php, line 483
CookieComponent::_write() - CORE/Cake/Controller/Component/CookieComponent.php, line 433
CookieComponent::write() - CORE/Cake/Controller/Component/CookieComponent.php, line 253
ApplicationController::beforeFilter() - APP/Controller/ApplicationController.php, line 62
CakeEventManager::dispatch() - CORE/Cake/Event/CakeEventManager.php, line 243
Controller::startupProcess() - CORE/Cake/Controller/Controller.php, line 676
Dispatcher::_invoke() - CORE/Cake/Routing/Dispatcher.php, line 189
Dispatcher::dispatch() - CORE/Cake/Routing/Dispatcher.php, line 167
[main] - APP/webroot/index.php, line 117

2018-08-10 10:08:55 Warning: Warning (2): srand() expects parameter 1 to be integer, string given in [/var/www/html/cakephp/clickmedia/chesapeakeloanservices.xyz/lib/Cake/Utility/Security.php, line 190]
Trace:
srand - [internal], line ??
Security::cipher() - CORE/Cake/Utility/Security.php, line 190
CookieComponent::_encrypt() - CORE/Cake/Controller/Component/CookieComponent.php, line 483
CookieComponent::_write() - CORE/Cake/Controller/Component/CookieComponent.php, line 433
CookieComponent::write() - CORE/Cake/Controller/Component/CookieComponent.php, line 253
ApplicationController::beforeFilter() - APP/Controller/ApplicationController.php, line 62
CakeEventManager::dispatch() - CORE/Cake/Event/CakeEventManager.php, line 243
Controller::startupProcess() - CORE/Cake/Controller/Controller.php, line 676
Dispatcher::_invoke() - CORE/Cake/Routing/Dispatcher.php, line 189
Dispatcher::dispatch() - CORE/Cake/Routing/Dispatcher.php, line 167
[main] - APP/webroot/index.php, line 117

2018-08-10 10:09:10 Warning: Warning (2): srand() expects parameter 1 to be integer, string given in [/var/www/html/cakephp/clickmedia/chesapeakeloanservices.xyz/lib/Cake/Utility/Security.php, line 190]
Trace:
srand - [internal], line ??
Security::cipher() - CORE/Cake/Utility/Security.php, line 190
CookieComponent::_encrypt() - CORE/Cake/Controller/Component/CookieComponent.php, line 483
CookieComponent::_write() - CORE/Cake/Controller/Component/CookieComponent.php, line 433
CookieComponent::write() - CORE/Cake/Controller/Component/CookieComponent.php, line 253
ApplicationController::beforeFilter() - APP/Controller/ApplicationController.php, line 62
CakeEventManager::dispatch() - CORE/Cake/Event/CakeEventManager.php, line 243
Controller::startupProcess() - CORE/Cake/Controller/Controller.php, line 676
Dispatcher::_invoke() - CORE/Cake/Routing/Dispatcher.php, line 189
Dispatcher::dispatch() - CORE/Cake/Routing/Dispatcher.php, line 167
[main] - APP/webroot/index.php, line 117

2018-08-10 10:09:24 Warning: Warning (2): srand() expects parameter 1 to be integer, string given in [/var/www/html/cakephp/clickmedia/chesapeakeloanservices.xyz/lib/Cake/Utility/Security.php, line 190]
Trace:
srand - [internal], line ??
Security::cipher() - CORE/Cake/Utility/Security.php, line 190
CookieComponent::_encrypt() - CORE/Cake/Controller/Component/CookieComponent.php, line 483
CookieComponent::_write() - CORE/Cake/Controller/Component/CookieComponent.php, line 433
CookieComponent::write() - CORE/Cake/Controller/Component/CookieComponent.php, line 253
ApplicationController::beforeFilter() - APP/Controller/ApplicationController.php, line 62
CakeEventManager::dispatch() - CORE/Cake/Event/CakeEventManager.php, line 243
Controller::startupProcess() - CORE/Cake/Controller/Controller.php, line 676
Dispatcher::_invoke() - CORE/Cake/Routing/Dispatcher.php, line 189
Dispatcher::dispatch() - CORE/Cake/Routing/Dispatcher.php, line 167
[main] - APP/webroot/index.php, line 117

2018-08-10 10:09:24 Warning: Warning (2): srand() expects parameter 1 to be integer, string given in [/var/www/html/cakephp/clickmedia/chesapeakeloanservices.xyz/lib/Cake/Utility/Security.php, line 190]
Trace:
srand - [internal], line ??
Security::cipher() - CORE/Cake/Utility/Security.php, line 190
CookieComponent::_encrypt() - CORE/Cake/Controller/Component/CookieComponent.php, line 483
CookieComponent::_write() - CORE/Cake/Controller/Component/CookieComponent.php, line 433
CookieComponent::write() - CORE/Cake/Controller/Component/CookieComponent.php, line 253
ApplicationController::beforeFilter() - APP/Controller/ApplicationController.php, line 62
CakeEventManager::dispatch() - CORE/Cake/Event/CakeEventManager.php, line 243
Controller::startupProcess() - CORE/Cake/Controller/Controller.php, line 676
Dispatcher::_invoke() - CORE/Cake/Routing/Dispatcher.php, line 189
Dispatcher::dispatch() - CORE/Cake/Routing/Dispatcher.php, line 167
[main] - APP/webroot/index.php, line 117

2018-08-10 10:09:24 Warning: Warning (2): srand() expects parameter 1 to be integer, string given in [/var/www/html/cakephp/clickmedia/chesapeakeloanservices.xyz/lib/Cake/Utility/Security.php, line 190]
Trace:
srand - [internal], line ??
Security::cipher() - CORE/Cake/Utility/Security.php, line 190
CookieComponent::_encrypt() - CORE/Cake/Controller/Component/CookieComponent.php, line 483
CookieComponent::_write() - CORE/Cake/Controller/Component/CookieComponent.php, line 433
CookieComponent::write() - CORE/Cake/Controller/Component/CookieComponent.php, line 253
ApplicationController::beforeFilter() - APP/Controller/ApplicationController.php, line 62
CakeEventManager::dispatch() - CORE/Cake/Event/CakeEventManager.php, line 243
Controller::startupProcess() - CORE/Cake/Controller/Controller.php, line 676
Dispatcher::_invoke() - CORE/Cake/Routing/Dispatcher.php, line 189
Dispatcher::dispatch() - CORE/Cake/Routing/Dispatcher.php, line 167
[main] - APP/webroot/index.php, line 117

2018-08-10 10:09:26 Warning: Warning (2): srand() expects parameter 1 to be integer, string given in [/var/www/html/cakephp/clickmedia/chesapeakeloanservices.xyz/lib/Cake/Utility/Security.php, line 190]
Trace:
srand - [internal], line ??
Security::cipher() - CORE/Cake/Utility/Security.php, line 190
CookieComponent::_encrypt() - CORE/Cake/Controller/Component/CookieComponent.php, line 483
CookieComponent::_write() - CORE/Cake/Controller/Component/CookieComponent.php, line 433
CookieComponent::write() - CORE/Cake/Controller/Component/CookieComponent.php, line 253
ApplicationController::beforeFilter() - APP/Controller/ApplicationController.php, line 62
CakeEventManager::dispatch() - CORE/Cake/Event/CakeEventManager.php, line 243
Controller::startupProcess() - CORE/Cake/Controller/Controller.php, line 676
Dispatcher::_invoke() - CORE/Cake/Routing/Dispatcher.php, line 189
Dispatcher::dispatch() - CORE/Cake/Routing/Dispatcher.php, line 167
[main] - APP/webroot/index.php, line 117

2018-08-10 10:10:06 Warning: Warning (2): srand() expects parameter 1 to be integer, string given in [/var/www/html/cakephp/clickmedia/chesapeakeloanservices.xyz/lib/Cake/Utility/Security.php, line 190]
Trace:
srand - [internal], line ??
Security::cipher() - CORE/Cake/Utility/Security.php, line 190
CookieComponent::_encrypt() - CORE/Cake/Controller/Component/CookieComponent.php, line 483
CookieComponent::_write() - CORE/Cake/Controller/Component/CookieComponent.php, line 433
CookieComponent::write() - CORE/Cake/Controller/Component/CookieComponent.php, line 253
ApplicationController::beforeFilter() - APP/Controller/ApplicationController.php, line 62
CakeEventManager::dispatch() - CORE/Cake/Event/CakeEventManager.php, line 243
Controller::startupProcess() - CORE/Cake/Controller/Controller.php, line 676
Dispatcher::_invoke() - CORE/Cake/Routing/Dispatcher.php, line 189
Dispatcher::dispatch() - CORE/Cake/Routing/Dispatcher.php, line 167
[main] - APP/webroot/index.php, line 117

2018-08-10 10:10:06 Warning: Warning (2): srand() expects parameter 1 to be integer, string given in [/var/www/html/cakephp/clickmedia/chesapeakeloanservices.xyz/lib/Cake/Utility/Security.php, line 190]
Trace:
srand - [internal], line ??
Security::cipher() - CORE/Cake/Utility/Security.php, line 190
CookieComponent::_encrypt() - CORE/Cake/Controller/Component/CookieComponent.php, line 483
CookieComponent::_write() - CORE/Cake/Controller/Component/CookieComponent.php, line 433
CookieComponent::write() - CORE/Cake/Controller/Component/CookieComponent.php, line 253
ApplicationController::beforeFilter() - APP/Controller/ApplicationController.php, line 62
CakeEventManager::dispatch() - CORE/Cake/Event/CakeEventManager.php, line 243
Controller::startupProcess() - CORE/Cake/Controller/Controller.php, line 676
Dispatcher::_invoke() - CORE/Cake/Routing/Dispatcher.php, line 189
Dispatcher::dispatch() - CORE/Cake/Routing/Dispatcher.php, line 167
[main] - APP/webroot/index.php, line 117

2018-08-10 10:10:20 Warning: Warning (2): srand() expects parameter 1 to be integer, string given in [/var/www/html/cakephp/clickmedia/chesapeakeloanservices.xyz/lib/Cake/Utility/Security.php, line 190]
Trace:
srand - [internal], line ??
Security::cipher() - CORE/Cake/Utility/Security.php, line 190
CookieComponent::_encrypt() - CORE/Cake/Controller/Component/CookieComponent.php, line 483
CookieComponent::_write() - CORE/Cake/Controller/Component/CookieComponent.php, line 433
CookieComponent::write() - CORE/Cake/Controller/Component/CookieComponent.php, line 253
ApplicationController::beforeFilter() - APP/Controller/ApplicationController.php, line 62
CakeEventManager::dispatch() - CORE/Cake/Event/CakeEventManager.php, line 243
Controller::startupProcess() - CORE/Cake/Controller/Controller.php, line 676
Dispatcher::_invoke() - CORE/Cake/Routing/Dispatcher.php, line 189
Dispatcher::dispatch() - CORE/Cake/Routing/Dispatcher.php, line 167
[main] - APP/webroot/index.php, line 117

2018-08-10 10:11:38 Warning: Warning (2): srand() expects parameter 1 to be integer, string given in [/var/www/html/cakephp/clickmedia/chesapeakeloanservices.xyz/lib/Cake/Utility/Security.php, line 190]
Trace:
srand - [internal], line ??
Security::cipher() - CORE/Cake/Utility/Security.php, line 190
CookieComponent::_encrypt() - CORE/Cake/Controller/Component/CookieComponent.php, line 483
CookieComponent::_write() - CORE/Cake/Controller/Component/CookieComponent.php, line 433
CookieComponent::write() - CORE/Cake/Controller/Component/CookieComponent.php, line 253
ApplicationController::beforeFilter() - APP/Controller/ApplicationController.php, line 62
CakeEventManager::dispatch() - CORE/Cake/Event/CakeEventManager.php, line 243
Controller::startupProcess() - CORE/Cake/Controller/Controller.php, line 676
Dispatcher::_invoke() - CORE/Cake/Routing/Dispatcher.php, line 189
Dispatcher::dispatch() - CORE/Cake/Routing/Dispatcher.php, line 167
[main] - APP/webroot/index.php, line 117

2018-08-10 10:11:48 Warning: Warning (2): srand() expects parameter 1 to be integer, string given in [/var/www/html/cakephp/clickmedia/chesapeakeloanservices.xyz/lib/Cake/Utility/Security.php, line 190]
Trace:
srand - [internal], line ??
Security::cipher() - CORE/Cake/Utility/Security.php, line 190
CookieComponent::_encrypt() - CORE/Cake/Controller/Component/CookieComponent.php, line 483
CookieComponent::_write() - CORE/Cake/Controller/Component/CookieComponent.php, line 433
CookieComponent::write() - CORE/Cake/Controller/Component/CookieComponent.php, line 253
ApplicationController::beforeFilter() - APP/Controller/ApplicationController.php, line 62
CakeEventManager::dispatch() - CORE/Cake/Event/CakeEventManager.php, line 243
Controller::startupProcess() - CORE/Cake/Controller/Controller.php, line 676
Dispatcher::_invoke() - CORE/Cake/Routing/Dispatcher.php, line 189
Dispatcher::dispatch() - CORE/Cake/Routing/Dispatcher.php, line 167
[main] - APP/webroot/index.php, line 117

2018-08-10 10:11:48 Warning: Warning (2): srand() expects parameter 1 to be integer, string given in [/var/www/html/cakephp/clickmedia/chesapeakeloanservices.xyz/lib/Cake/Utility/Security.php, line 190]
Trace:
srand - [internal], line ??
Security::cipher() - CORE/Cake/Utility/Security.php, line 190
CookieComponent::_encrypt() - CORE/Cake/Controller/Component/CookieComponent.php, line 483
CookieComponent::_write() - CORE/Cake/Controller/Component/CookieComponent.php, line 433
CookieComponent::write() - CORE/Cake/Controller/Component/CookieComponent.php, line 253
ApplicationController::beforeFilter() - APP/Controller/ApplicationController.php, line 62
CakeEventManager::dispatch() - CORE/Cake/Event/CakeEventManager.php, line 243
Controller::startupProcess() - CORE/Cake/Controller/Controller.php, line 676
Dispatcher::_invoke() - CORE/Cake/Routing/Dispatcher.php, line 189
Dispatcher::dispatch() - CORE/Cake/Routing/Dispatcher.php, line 167
[main] - APP/webroot/index.php, line 117

2018-08-10 10:11:48 Warning: Warning (2): srand() expects parameter 1 to be integer, string given in [/var/www/html/cakephp/clickmedia/chesapeakeloanservices.xyz/lib/Cake/Utility/Security.php, line 190]
Trace:
srand - [internal], line ??
Security::cipher() - CORE/Cake/Utility/Security.php, line 190
CookieComponent::_encrypt() - CORE/Cake/Controller/Component/CookieComponent.php, line 483
CookieComponent::_write() - CORE/Cake/Controller/Component/CookieComponent.php, line 433
CookieComponent::write() - CORE/Cake/Controller/Component/CookieComponent.php, line 253
ApplicationController::beforeFilter() - APP/Controller/ApplicationController.php, line 62
CakeEventManager::dispatch() - CORE/Cake/Event/CakeEventManager.php, line 243
Controller::startupProcess() - CORE/Cake/Controller/Controller.php, line 676
Dispatcher::_invoke() - CORE/Cake/Routing/Dispatcher.php, line 189
Dispatcher::dispatch() - CORE/Cake/Routing/Dispatcher.php, line 167
[main] - APP/webroot/index.php, line 117

2018-08-10 10:11:50 Warning: Warning (2): srand() expects parameter 1 to be integer, string given in [/var/www/html/cakephp/clickmedia/chesapeakeloanservices.xyz/lib/Cake/Utility/Security.php, line 190]
Trace:
srand - [internal], line ??
Security::cipher() - CORE/Cake/Utility/Security.php, line 190
CookieComponent::_encrypt() - CORE/Cake/Controller/Component/CookieComponent.php, line 483
CookieComponent::_write() - CORE/Cake/Controller/Component/CookieComponent.php, line 433
CookieComponent::write() - CORE/Cake/Controller/Component/CookieComponent.php, line 253
ApplicationController::beforeFilter() - APP/Controller/ApplicationController.php, line 62
CakeEventManager::dispatch() - CORE/Cake/Event/CakeEventManager.php, line 243
Controller::startupProcess() - CORE/Cake/Controller/Controller.php, line 676
Dispatcher::_invoke() - CORE/Cake/Routing/Dispatcher.php, line 189
Dispatcher::dispatch() - CORE/Cake/Routing/Dispatcher.php, line 167
[main] - APP/webroot/index.php, line 117

2018-08-10 10:17:08 Warning: Warning (2): srand() expects parameter 1 to be integer, string given in [/var/www/html/cakephp/clickmedia/chesapeakeloanservices.xyz/lib/Cake/Utility/Security.php, line 190]
Trace:
srand - [internal], line ??
Security::cipher() - CORE/Cake/Utility/Security.php, line 190
CookieComponent::_encrypt() - CORE/Cake/Controller/Component/CookieComponent.php, line 483
CookieComponent::_write() - CORE/Cake/Controller/Component/CookieComponent.php, line 433
CookieComponent::write() - CORE/Cake/Controller/Component/CookieComponent.php, line 253
ApplicationController::beforeFilter() - APP/Controller/ApplicationController.php, line 62
CakeEventManager::dispatch() - CORE/Cake/Event/CakeEventManager.php, line 243
Controller::startupProcess() - CORE/Cake/Controller/Controller.php, line 676
Dispatcher::_invoke() - CORE/Cake/Routing/Dispatcher.php, line 189
Dispatcher::dispatch() - CORE/Cake/Routing/Dispatcher.php, line 167
[main] - APP/webroot/index.php, line 117

2018-08-10 10:17:19 Warning: Warning (2): srand() expects parameter 1 to be integer, string given in [/var/www/html/cakephp/clickmedia/chesapeakeloanservices.xyz/lib/Cake/Utility/Security.php, line 190]
Trace:
srand - [internal], line ??
Security::cipher() - CORE/Cake/Utility/Security.php, line 190
CookieComponent::_encrypt() - CORE/Cake/Controller/Component/CookieComponent.php, line 483
CookieComponent::_write() - CORE/Cake/Controller/Component/CookieComponent.php, line 433
CookieComponent::write() - CORE/Cake/Controller/Component/CookieComponent.php, line 253
ApplicationController::beforeFilter() - APP/Controller/ApplicationController.php, line 62
CakeEventManager::dispatch() - CORE/Cake/Event/CakeEventManager.php, line 243
Controller::startupProcess() - CORE/Cake/Controller/Controller.php, line 676
Dispatcher::_invoke() - CORE/Cake/Routing/Dispatcher.php, line 189
Dispatcher::dispatch() - CORE/Cake/Routing/Dispatcher.php, line 167
[main] - APP/webroot/index.php, line 117

2018-08-10 10:17:19 Warning: Warning (2): srand() expects parameter 1 to be integer, string given in [/var/www/html/cakephp/clickmedia/chesapeakeloanservices.xyz/lib/Cake/Utility/Security.php, line 190]
Trace:
srand - [internal], line ??
Security::cipher() - CORE/Cake/Utility/Security.php, line 190
CookieComponent::_encrypt() - CORE/Cake/Controller/Component/CookieComponent.php, line 483
CookieComponent::_write() - CORE/Cake/Controller/Component/CookieComponent.php, line 433
CookieComponent::write() - CORE/Cake/Controller/Component/CookieComponent.php, line 253
ApplicationController::beforeFilter() - APP/Controller/ApplicationController.php, line 62
CakeEventManager::dispatch() - CORE/Cake/Event/CakeEventManager.php, line 243
Controller::startupProcess() - CORE/Cake/Controller/Controller.php, line 676
Dispatcher::_invoke() - CORE/Cake/Routing/Dispatcher.php, line 189
Dispatcher::dispatch() - CORE/Cake/Routing/Dispatcher.php, line 167
[main] - APP/webroot/index.php, line 117

2018-08-10 10:17:20 Warning: Warning (2): srand() expects parameter 1 to be integer, string given in [/var/www/html/cakephp/clickmedia/chesapeakeloanservices.xyz/lib/Cake/Utility/Security.php, line 190]
Trace:
srand - [internal], line ??
Security::cipher() - CORE/Cake/Utility/Security.php, line 190
CookieComponent::_encrypt() - CORE/Cake/Controller/Component/CookieComponent.php, line 483
CookieComponent::_write() - CORE/Cake/Controller/Component/CookieComponent.php, line 433
CookieComponent::write() - CORE/Cake/Controller/Component/CookieComponent.php, line 253
ApplicationController::beforeFilter() - APP/Controller/ApplicationController.php, line 62
CakeEventManager::dispatch() - CORE/Cake/Event/CakeEventManager.php, line 243
Controller::startupProcess() - CORE/Cake/Controller/Controller.php, line 676
Dispatcher::_invoke() - CORE/Cake/Routing/Dispatcher.php, line 189
Dispatcher::dispatch() - CORE/Cake/Routing/Dispatcher.php, line 167
[main] - APP/webroot/index.php, line 117

2018-08-10 10:17:21 Warning: Warning (2): srand() expects parameter 1 to be integer, string given in [/var/www/html/cakephp/clickmedia/chesapeakeloanservices.xyz/lib/Cake/Utility/Security.php, line 190]
Trace:
srand - [internal], line ??
Security::cipher() - CORE/Cake/Utility/Security.php, line 190
CookieComponent::_encrypt() - CORE/Cake/Controller/Component/CookieComponent.php, line 483
CookieComponent::_write() - CORE/Cake/Controller/Component/CookieComponent.php, line 433
CookieComponent::write() - CORE/Cake/Controller/Component/CookieComponent.php, line 253
ApplicationController::beforeFilter() - APP/Controller/ApplicationController.php, line 62
CakeEventManager::dispatch() - CORE/Cake/Event/CakeEventManager.php, line 243
Controller::startupProcess() - CORE/Cake/Controller/Controller.php, line 676
Dispatcher::_invoke() - CORE/Cake/Routing/Dispatcher.php, line 189
Dispatcher::dispatch() - CORE/Cake/Routing/Dispatcher.php, line 167
[main] - APP/webroot/index.php, line 117

2018-08-10 10:17:45 Warning: Warning (2): srand() expects parameter 1 to be integer, string given in [/var/www/html/cakephp/clickmedia/chesapeakeloanservices.xyz/lib/Cake/Utility/Security.php, line 190]
Trace:
srand - [internal], line ??
Security::cipher() - CORE/Cake/Utility/Security.php, line 190
CookieComponent::_encrypt() - CORE/Cake/Controller/Component/CookieComponent.php, line 483
CookieComponent::_write() - CORE/Cake/Controller/Component/CookieComponent.php, line 433
CookieComponent::write() - CORE/Cake/Controller/Component/CookieComponent.php, line 253
ApplicationController::beforeFilter() - APP/Controller/ApplicationController.php, line 62
CakeEventManager::dispatch() - CORE/Cake/Event/CakeEventManager.php, line 243
Controller::startupProcess() - CORE/Cake/Controller/Controller.php, line 676
Dispatcher::_invoke() - CORE/Cake/Routing/Dispatcher.php, line 189
Dispatcher::dispatch() - CORE/Cake/Routing/Dispatcher.php, line 167
[main] - APP/webroot/index.php, line 117

2018-08-10 10:17:45 Warning: Warning (2): srand() expects parameter 1 to be integer, string given in [/var/www/html/cakephp/clickmedia/chesapeakeloanservices.xyz/lib/Cake/Utility/Security.php, line 190]
Trace:
srand - [internal], line ??
Security::cipher() - CORE/Cake/Utility/Security.php, line 190
CookieComponent::_encrypt() - CORE/Cake/Controller/Component/CookieComponent.php, line 483
CookieComponent::_write() - CORE/Cake/Controller/Component/CookieComponent.php, line 433
CookieComponent::write() - CORE/Cake/Controller/Component/CookieComponent.php, line 253
ApplicationController::beforeFilter() - APP/Controller/ApplicationController.php, line 62
CakeEventManager::dispatch() - CORE/Cake/Event/CakeEventManager.php, line 243
Controller::startupProcess() - CORE/Cake/Controller/Controller.php, line 676
Dispatcher::_invoke() - CORE/Cake/Routing/Dispatcher.php, line 189
Dispatcher::dispatch() - CORE/Cake/Routing/Dispatcher.php, line 167
[main] - APP/webroot/index.php, line 117

2018-08-10 10:18:12 Warning: Warning (2): srand() expects parameter 1 to be integer, string given in [/var/www/html/cakephp/clickmedia/chesapeakeloanservices.xyz/lib/Cake/Utility/Security.php, line 190]
Trace:
srand - [internal], line ??
Security::cipher() - CORE/Cake/Utility/Security.php, line 190
CookieComponent::_encrypt() - CORE/Cake/Controller/Component/CookieComponent.php, line 483
CookieComponent::_write() - CORE/Cake/Controller/Component/CookieComponent.php, line 433
CookieComponent::write() - CORE/Cake/Controller/Component/CookieComponent.php, line 253
ApplicationController::beforeFilter() - APP/Controller/ApplicationController.php, line 62
CakeEventManager::dispatch() - CORE/Cake/Event/CakeEventManager.php, line 243
Controller::startupProcess() - CORE/Cake/Controller/Controller.php, line 676
Dispatcher::_invoke() - CORE/Cake/Routing/Dispatcher.php, line 189
Dispatcher::dispatch() - CORE/Cake/Routing/Dispatcher.php, line 167
[main] - APP/webroot/index.php, line 117

2018-08-10 10:18:12 Warning: Warning (2): srand() expects parameter 1 to be integer, string given in [/var/www/html/cakephp/clickmedia/chesapeakeloanservices.xyz/lib/Cake/Utility/Security.php, line 190]
Trace:
srand - [internal], line ??
Security::cipher() - CORE/Cake/Utility/Security.php, line 190
CookieComponent::_encrypt() - CORE/Cake/Controller/Component/CookieComponent.php, line 483
CookieComponent::_write() - CORE/Cake/Controller/Component/CookieComponent.php, line 433
CookieComponent::write() - CORE/Cake/Controller/Component/CookieComponent.php, line 253
ApplicationController::beforeFilter() - APP/Controller/ApplicationController.php, line 62
CakeEventManager::dispatch() - CORE/Cake/Event/CakeEventManager.php, line 243
Controller::startupProcess() - CORE/Cake/Controller/Controller.php, line 676
Dispatcher::_invoke() - CORE/Cake/Routing/Dispatcher.php, line 189
Dispatcher::dispatch() - CORE/Cake/Routing/Dispatcher.php, line 167
[main] - APP/webroot/index.php, line 117

2018-08-10 10:18:31 Warning: Warning (2): srand() expects parameter 1 to be integer, string given in [/var/www/html/cakephp/clickmedia/chesapeakeloanservices.xyz/lib/Cake/Utility/Security.php, line 190]
Trace:
srand - [internal], line ??
Security::cipher() - CORE/Cake/Utility/Security.php, line 190
CookieComponent::_encrypt() - CORE/Cake/Controller/Component/CookieComponent.php, line 483
CookieComponent::_write() - CORE/Cake/Controller/Component/CookieComponent.php, line 433
CookieComponent::write() - CORE/Cake/Controller/Component/CookieComponent.php, line 253
ApplicationController::beforeFilter() - APP/Controller/ApplicationController.php, line 62
CakeEventManager::dispatch() - CORE/Cake/Event/CakeEventManager.php, line 243
Controller::startupProcess() - CORE/Cake/Controller/Controller.php, line 676
Dispatcher::_invoke() - CORE/Cake/Routing/Dispatcher.php, line 189
Dispatcher::dispatch() - CORE/Cake/Routing/Dispatcher.php, line 167
[main] - APP/webroot/index.php, line 117

2018-08-10 10:18:41 Warning: Warning (2): srand() expects parameter 1 to be integer, string given in [/var/www/html/cakephp/clickmedia/chesapeakeloanservices.xyz/lib/Cake/Utility/Security.php, line 190]
Trace:
srand - [internal], line ??
Security::cipher() - CORE/Cake/Utility/Security.php, line 190
CookieComponent::_encrypt() - CORE/Cake/Controller/Component/CookieComponent.php, line 483
CookieComponent::_write() - CORE/Cake/Controller/Component/CookieComponent.php, line 433
CookieComponent::write() - CORE/Cake/Controller/Component/CookieComponent.php, line 253
ApplicationController::beforeFilter() - APP/Controller/ApplicationController.php, line 62
CakeEventManager::dispatch() - CORE/Cake/Event/CakeEventManager.php, line 243
Controller::startupProcess() - CORE/Cake/Controller/Controller.php, line 676
Dispatcher::_invoke() - CORE/Cake/Routing/Dispatcher.php, line 189
Dispatcher::dispatch() - CORE/Cake/Routing/Dispatcher.php, line 167
[main] - APP/webroot/index.php, line 117

2018-08-10 10:18:42 Warning: Warning (2): srand() expects parameter 1 to be integer, string given in [/var/www/html/cakephp/clickmedia/chesapeakeloanservices.xyz/lib/Cake/Utility/Security.php, line 190]
Trace:
srand - [internal], line ??
Security::cipher() - CORE/Cake/Utility/Security.php, line 190
CookieComponent::_encrypt() - CORE/Cake/Controller/Component/CookieComponent.php, line 483
CookieComponent::_write() - CORE/Cake/Controller/Component/CookieComponent.php, line 433
CookieComponent::write() - CORE/Cake/Controller/Component/CookieComponent.php, line 253
ApplicationController::beforeFilter() - APP/Controller/ApplicationController.php, line 62
CakeEventManager::dispatch() - CORE/Cake/Event/CakeEventManager.php, line 243
Controller::startupProcess() - CORE/Cake/Controller/Controller.php, line 676
Dispatcher::_invoke() - CORE/Cake/Routing/Dispatcher.php, line 189
Dispatcher::dispatch() - CORE/Cake/Routing/Dispatcher.php, line 167
[main] - APP/webroot/index.php, line 117

2018-08-10 10:19:01 Warning: Warning (2): srand() expects parameter 1 to be integer, string given in [/var/www/html/cakephp/clickmedia/chesapeakeloanservices.xyz/lib/Cake/Utility/Security.php, line 190]
Trace:
srand - [internal], line ??
Security::cipher() - CORE/Cake/Utility/Security.php, line 190
CookieComponent::_encrypt() - CORE/Cake/Controller/Component/CookieComponent.php, line 483
CookieComponent::_write() - CORE/Cake/Controller/Component/CookieComponent.php, line 433
CookieComponent::write() - CORE/Cake/Controller/Component/CookieComponent.php, line 253
ApplicationController::beforeFilter() - APP/Controller/ApplicationController.php, line 62
CakeEventManager::dispatch() - CORE/Cake/Event/CakeEventManager.php, line 243
Controller::startupProcess() - CORE/Cake/Controller/Controller.php, line 676
Dispatcher::_invoke() - CORE/Cake/Routing/Dispatcher.php, line 189
Dispatcher::dispatch() - CORE/Cake/Routing/Dispatcher.php, line 167
[main] - APP/webroot/index.php, line 117

2018-08-10 10:19:01 Warning: Warning (2): srand() expects parameter 1 to be integer, string given in [/var/www/html/cakephp/clickmedia/chesapeakeloanservices.xyz/lib/Cake/Utility/Security.php, line 190]
Trace:
srand - [internal], line ??
Security::cipher() - CORE/Cake/Utility/Security.php, line 190
CookieComponent::_encrypt() - CORE/Cake/Controller/Component/CookieComponent.php, line 483
CookieComponent::_write() - CORE/Cake/Controller/Component/CookieComponent.php, line 433
CookieComponent::write() - CORE/Cake/Controller/Component/CookieComponent.php, line 253
ApplicationController::beforeFilter() - APP/Controller/ApplicationController.php, line 62
CakeEventManager::dispatch() - CORE/Cake/Event/CakeEventManager.php, line 243
Controller::startupProcess() - CORE/Cake/Controller/Controller.php, line 676
Dispatcher::_invoke() - CORE/Cake/Routing/Dispatcher.php, line 189
Dispatcher::dispatch() - CORE/Cake/Routing/Dispatcher.php, line 167
[main] - APP/webroot/index.php, line 117

2018-08-11 02:29:43 Warning: Warning (2): srand() expects parameter 1 to be integer, string given in [/var/www/html/cakephp/clickmedia/chesapeakeloanservices.xyz/lib/Cake/Utility/Security.php, line 190]
Trace:
srand - [internal], line ??
Security::cipher() - CORE/Cake/Utility/Security.php, line 190
CookieComponent::_encrypt() - CORE/Cake/Controller/Component/CookieComponent.php, line 483
CookieComponent::_write() - CORE/Cake/Controller/Component/CookieComponent.php, line 433
CookieComponent::write() - CORE/Cake/Controller/Component/CookieComponent.php, line 253
ApplicationController::beforeFilter() - APP/Controller/ApplicationController.php, line 62
CakeEventManager::dispatch() - CORE/Cake/Event/CakeEventManager.php, line 243
Controller::startupProcess() - CORE/Cake/Controller/Controller.php, line 676
Dispatcher::_invoke() - CORE/Cake/Routing/Dispatcher.php, line 189
Dispatcher::dispatch() - CORE/Cake/Routing/Dispatcher.php, line 167
[main] - APP/webroot/index.php, line 117

2018-08-11 02:30:59 Warning: Warning (2): srand() expects parameter 1 to be integer, string given in [/var/www/html/cakephp/clickmedia/chesapeakeloanservices.xyz/lib/Cake/Utility/Security.php, line 190]
Trace:
srand - [internal], line ??
Security::cipher() - CORE/Cake/Utility/Security.php, line 190
CookieComponent::_encrypt() - CORE/Cake/Controller/Component/CookieComponent.php, line 483
CookieComponent::_write() - CORE/Cake/Controller/Component/CookieComponent.php, line 433
CookieComponent::write() - CORE/Cake/Controller/Component/CookieComponent.php, line 253
ApplicationController::beforeFilter() - APP/Controller/ApplicationController.php, line 62
CakeEventManager::dispatch() - CORE/Cake/Event/CakeEventManager.php, line 243
Controller::startupProcess() - CORE/Cake/Controller/Controller.php, line 676
Dispatcher::_invoke() - CORE/Cake/Routing/Dispatcher.php, line 189
Dispatcher::dispatch() - CORE/Cake/Routing/Dispatcher.php, line 167
[main] - APP/webroot/index.php, line 117

2018-08-11 02:30:59 Warning: Warning (2): srand() expects parameter 1 to be integer, string given in [/var/www/html/cakephp/clickmedia/chesapeakeloanservices.xyz/lib/Cake/Utility/Security.php, line 190]
Trace:
srand - [internal], line ??
Security::cipher() - CORE/Cake/Utility/Security.php, line 190
CookieComponent::_encrypt() - CORE/Cake/Controller/Component/CookieComponent.php, line 483
CookieComponent::_write() - CORE/Cake/Controller/Component/CookieComponent.php, line 433
CookieComponent::write() - CORE/Cake/Controller/Component/CookieComponent.php, line 253
ApplicationController::beforeFilter() - APP/Controller/ApplicationController.php, line 62
CakeEventManager::dispatch() - CORE/Cake/Event/CakeEventManager.php, line 243
Controller::startupProcess() - CORE/Cake/Controller/Controller.php, line 676
Dispatcher::_invoke() - CORE/Cake/Routing/Dispatcher.php, line 189
Dispatcher::dispatch() - CORE/Cake/Routing/Dispatcher.php, line 167
[main] - APP/webroot/index.php, line 117

2018-08-11 02:31:01 Warning: Warning (2): srand() expects parameter 1 to be integer, string given in [/var/www/html/cakephp/clickmedia/chesapeakeloanservices.xyz/lib/Cake/Utility/Security.php, line 190]
Trace:
srand - [internal], line ??
Security::cipher() - CORE/Cake/Utility/Security.php, line 190
CookieComponent::_encrypt() - CORE/Cake/Controller/Component/CookieComponent.php, line 483
CookieComponent::_write() - CORE/Cake/Controller/Component/CookieComponent.php, line 433
CookieComponent::write() - CORE/Cake/Controller/Component/CookieComponent.php, line 253
ApplicationController::beforeFilter() - APP/Controller/ApplicationController.php, line 62
CakeEventManager::dispatch() - CORE/Cake/Event/CakeEventManager.php, line 243
Controller::startupProcess() - CORE/Cake/Controller/Controller.php, line 676
Dispatcher::_invoke() - CORE/Cake/Routing/Dispatcher.php, line 189
Dispatcher::dispatch() - CORE/Cake/Routing/Dispatcher.php, line 167
[main] - APP/webroot/index.php, line 117

2018-08-11 02:31:03 Warning: Warning (2): srand() expects parameter 1 to be integer, string given in [/var/www/html/cakephp/clickmedia/chesapeakeloanservices.xyz/lib/Cake/Utility/Security.php, line 190]
Trace:
srand - [internal], line ??
Security::cipher() - CORE/Cake/Utility/Security.php, line 190
CookieComponent::_encrypt() - CORE/Cake/Controller/Component/CookieComponent.php, line 483
CookieComponent::_write() - CORE/Cake/Controller/Component/CookieComponent.php, line 433
CookieComponent::write() - CORE/Cake/Controller/Component/CookieComponent.php, line 253
ApplicationController::beforeFilter() - APP/Controller/ApplicationController.php, line 62
CakeEventManager::dispatch() - CORE/Cake/Event/CakeEventManager.php, line 243
Controller::startupProcess() - CORE/Cake/Controller/Controller.php, line 676
Dispatcher::_invoke() - CORE/Cake/Routing/Dispatcher.php, line 189
Dispatcher::dispatch() - CORE/Cake/Routing/Dispatcher.php, line 167
[main] - APP/webroot/index.php, line 117

2018-08-11 02:34:55 Warning: Warning (2): srand() expects parameter 1 to be integer, string given in [/var/www/html/cakephp/clickmedia/chesapeakeloanservices.xyz/lib/Cake/Utility/Security.php, line 190]
Trace:
srand - [internal], line ??
Security::cipher() - CORE/Cake/Utility/Security.php, line 190
CookieComponent::_encrypt() - CORE/Cake/Controller/Component/CookieComponent.php, line 483
CookieComponent::_write() - CORE/Cake/Controller/Component/CookieComponent.php, line 433
CookieComponent::write() - CORE/Cake/Controller/Component/CookieComponent.php, line 253
ApplicationController::beforeFilter() - APP/Controller/ApplicationController.php, line 62
CakeEventManager::dispatch() - CORE/Cake/Event/CakeEventManager.php, line 243
Controller::startupProcess() - CORE/Cake/Controller/Controller.php, line 676
Dispatcher::_invoke() - CORE/Cake/Routing/Dispatcher.php, line 189
Dispatcher::dispatch() - CORE/Cake/Routing/Dispatcher.php, line 167
[main] - APP/webroot/index.php, line 117

2018-08-11 02:34:55 Warning: Warning (2): srand() expects parameter 1 to be integer, string given in [/var/www/html/cakephp/clickmedia/chesapeakeloanservices.xyz/lib/Cake/Utility/Security.php, line 190]
Trace:
srand - [internal], line ??
Security::cipher() - CORE/Cake/Utility/Security.php, line 190
CookieComponent::_encrypt() - CORE/Cake/Controller/Component/CookieComponent.php, line 483
CookieComponent::_write() - CORE/Cake/Controller/Component/CookieComponent.php, line 433
CookieComponent::write() - CORE/Cake/Controller/Component/CookieComponent.php, line 253
ApplicationController::beforeFilter() - APP/Controller/ApplicationController.php, line 62
CakeEventManager::dispatch() - CORE/Cake/Event/CakeEventManager.php, line 243
Controller::startupProcess() - CORE/Cake/Controller/Controller.php, line 676
Dispatcher::_invoke() - CORE/Cake/Routing/Dispatcher.php, line 189
Dispatcher::dispatch() - CORE/Cake/Routing/Dispatcher.php, line 167
[main] - APP/webroot/index.php, line 117

2018-08-17 14:04:48 Warning: Warning (2): srand() expects parameter 1 to be integer, string given in [/var/www/html/cakephp/clickmedia/chesapeakeloanservices.xyz/lib/Cake/Utility/Security.php, line 190]
Trace:
srand - [internal], line ??
Security::cipher() - CORE/Cake/Utility/Security.php, line 190
CookieComponent::_encrypt() - CORE/Cake/Controller/Component/CookieComponent.php, line 483
CookieComponent::_write() - CORE/Cake/Controller/Component/CookieComponent.php, line 433
CookieComponent::write() - CORE/Cake/Controller/Component/CookieComponent.php, line 253
ApplicationController::beforeFilter() - APP/Controller/ApplicationController.php, line 62
CakeEventManager::dispatch() - CORE/Cake/Event/CakeEventManager.php, line 243
Controller::startupProcess() - CORE/Cake/Controller/Controller.php, line 676
Dispatcher::_invoke() - CORE/Cake/Routing/Dispatcher.php, line 189
Dispatcher::dispatch() - CORE/Cake/Routing/Dispatcher.php, line 167
[main] - APP/webroot/index.php, line 117

2018-08-20 08:12:31 Warning: Warning (2): srand() expects parameter 1 to be integer, string given in [/var/www/html/cakephp/clickmedia/chesapeakeloanservices.xyz/lib/Cake/Utility/Security.php, line 190]
Trace:
srand - [internal], line ??
Security::cipher() - CORE/Cake/Utility/Security.php, line 190
CookieComponent::_encrypt() - CORE/Cake/Controller/Component/CookieComponent.php, line 483
CookieComponent::_write() - CORE/Cake/Controller/Component/CookieComponent.php, line 433
CookieComponent::write() - CORE/Cake/Controller/Component/CookieComponent.php, line 253
ApplicationController::beforeFilter() - APP/Controller/ApplicationController.php, line 62
CakeEventManager::dispatch() - CORE/Cake/Event/CakeEventManager.php, line 243
Controller::startupProcess() - CORE/Cake/Controller/Controller.php, line 676
Dispatcher::_invoke() - CORE/Cake/Routing/Dispatcher.php, line 189
Dispatcher::dispatch() - CORE/Cake/Routing/Dispatcher.php, line 167
[main] - APP/webroot/index.php, line 117

2018-08-20 08:12:38 Warning: Warning (2): srand() expects parameter 1 to be integer, string given in [/var/www/html/cakephp/clickmedia/chesapeakeloanservices.xyz/lib/Cake/Utility/Security.php, line 190]
Trace:
srand - [internal], line ??
Security::cipher() - CORE/Cake/Utility/Security.php, line 190
CookieComponent::_encrypt() - CORE/Cake/Controller/Component/CookieComponent.php, line 483
CookieComponent::_write() - CORE/Cake/Controller/Component/CookieComponent.php, line 433
CookieComponent::write() - CORE/Cake/Controller/Component/CookieComponent.php, line 253
ApplicationController::beforeFilter() - APP/Controller/ApplicationController.php, line 62
CakeEventManager::dispatch() - CORE/Cake/Event/CakeEventManager.php, line 243
Controller::startupProcess() - CORE/Cake/Controller/Controller.php, line 676
Dispatcher::_invoke() - CORE/Cake/Routing/Dispatcher.php, line 189
Dispatcher::dispatch() - CORE/Cake/Routing/Dispatcher.php, line 167
[main] - APP/webroot/index.php, line 117

2018-08-20 08:12:38 Warning: Warning (2): srand() expects parameter 1 to be integer, string given in [/var/www/html/cakephp/clickmedia/chesapeakeloanservices.xyz/lib/Cake/Utility/Security.php, line 190]
Trace:
srand - [internal], line ??
Security::cipher() - CORE/Cake/Utility/Security.php, line 190
CookieComponent::_encrypt() - CORE/Cake/Controller/Component/CookieComponent.php, line 483
CookieComponent::_write() - CORE/Cake/Controller/Component/CookieComponent.php, line 433
CookieComponent::write() - CORE/Cake/Controller/Component/CookieComponent.php, line 253
ApplicationController::beforeFilter() - APP/Controller/ApplicationController.php, line 62
CakeEventManager::dispatch() - CORE/Cake/Event/CakeEventManager.php, line 243
Controller::startupProcess() - CORE/Cake/Controller/Controller.php, line 676
Dispatcher::_invoke() - CORE/Cake/Routing/Dispatcher.php, line 189
Dispatcher::dispatch() - CORE/Cake/Routing/Dispatcher.php, line 167
[main] - APP/webroot/index.php, line 117

2018-08-20 08:12:41 Warning: Warning (2): srand() expects parameter 1 to be integer, string given in [/var/www/html/cakephp/clickmedia/chesapeakeloanservices.xyz/lib/Cake/Utility/Security.php, line 190]
Trace:
srand - [internal], line ??
Security::cipher() - CORE/Cake/Utility/Security.php, line 190
CookieComponent::_encrypt() - CORE/Cake/Controller/Component/CookieComponent.php, line 483
CookieComponent::_write() - CORE/Cake/Controller/Component/CookieComponent.php, line 433
CookieComponent::write() - CORE/Cake/Controller/Component/CookieComponent.php, line 253
ApplicationController::beforeFilter() - APP/Controller/ApplicationController.php, line 62
CakeEventManager::dispatch() - CORE/Cake/Event/CakeEventManager.php, line 243
Controller::startupProcess() - CORE/Cake/Controller/Controller.php, line 676
Dispatcher::_invoke() - CORE/Cake/Routing/Dispatcher.php, line 189
Dispatcher::dispatch() - CORE/Cake/Routing/Dispatcher.php, line 167
[main] - APP/webroot/index.php, line 117

2018-08-20 08:13:12 Warning: Warning (2): srand() expects parameter 1 to be integer, string given in [/var/www/html/cakephp/clickmedia/chesapeakeloanservices.xyz/lib/Cake/Utility/Security.php, line 190]
Trace:
srand - [internal], line ??
Security::cipher() - CORE/Cake/Utility/Security.php, line 190
CookieComponent::_encrypt() - CORE/Cake/Controller/Component/CookieComponent.php, line 483
CookieComponent::_write() - CORE/Cake/Controller/Component/CookieComponent.php, line 433
CookieComponent::write() - CORE/Cake/Controller/Component/CookieComponent.php, line 253
ApplicationController::beforeFilter() - APP/Controller/ApplicationController.php, line 62
CakeEventManager::dispatch() - CORE/Cake/Event/CakeEventManager.php, line 243
Controller::startupProcess() - CORE/Cake/Controller/Controller.php, line 676
Dispatcher::_invoke() - CORE/Cake/Routing/Dispatcher.php, line 189
Dispatcher::dispatch() - CORE/Cake/Routing/Dispatcher.php, line 167
[main] - APP/webroot/index.php, line 117

2018-08-20 08:13:33 Warning: Warning (2): srand() expects parameter 1 to be integer, string given in [/var/www/html/cakephp/clickmedia/chesapeakeloanservices.xyz/lib/Cake/Utility/Security.php, line 190]
Trace:
srand - [internal], line ??
Security::cipher() - CORE/Cake/Utility/Security.php, line 190
CookieComponent::_encrypt() - CORE/Cake/Controller/Component/CookieComponent.php, line 483
CookieComponent::_write() - CORE/Cake/Controller/Component/CookieComponent.php, line 433
CookieComponent::write() - CORE/Cake/Controller/Component/CookieComponent.php, line 253
ApplicationController::beforeFilter() - APP/Controller/ApplicationController.php, line 62
CakeEventManager::dispatch() - CORE/Cake/Event/CakeEventManager.php, line 243
Controller::startupProcess() - CORE/Cake/Controller/Controller.php, line 676
Dispatcher::_invoke() - CORE/Cake/Routing/Dispatcher.php, line 189
Dispatcher::dispatch() - CORE/Cake/Routing/Dispatcher.php, line 167
[main] - APP/webroot/index.php, line 117

2018-08-20 08:13:33 Warning: Warning (2): srand() expects parameter 1 to be integer, string given in [/var/www/html/cakephp/clickmedia/chesapeakeloanservices.xyz/lib/Cake/Utility/Security.php, line 190]
Trace:
srand - [internal], line ??
Security::cipher() - CORE/Cake/Utility/Security.php, line 190
CookieComponent::_encrypt() - CORE/Cake/Controller/Component/CookieComponent.php, line 483
CookieComponent::_write() - CORE/Cake/Controller/Component/CookieComponent.php, line 433
CookieComponent::write() - CORE/Cake/Controller/Component/CookieComponent.php, line 253
ApplicationController::beforeFilter() - APP/Controller/ApplicationController.php, line 62
CakeEventManager::dispatch() - CORE/Cake/Event/CakeEventManager.php, line 243
Controller::startupProcess() - CORE/Cake/Controller/Controller.php, line 676
Dispatcher::_invoke() - CORE/Cake/Routing/Dispatcher.php, line 189
Dispatcher::dispatch() - CORE/Cake/Routing/Dispatcher.php, line 167
[main] - APP/webroot/index.php, line 117

2018-10-05 05:49:07 Warning: Warning (2): srand() expects parameter 1 to be integer, string given in [/var/www/html/cakephp/clickmedia/chesapeakeloanservices.xyz/lib/Cake/Utility/Security.php, line 190]
Trace:
srand - [internal], line ??
Security::cipher() - CORE/Cake/Utility/Security.php, line 190
CookieComponent::_encrypt() - CORE/Cake/Controller/Component/CookieComponent.php, line 483
CookieComponent::_write() - CORE/Cake/Controller/Component/CookieComponent.php, line 433
CookieComponent::write() - CORE/Cake/Controller/Component/CookieComponent.php, line 253
ApplicationController::beforeFilter() - APP/Controller/ApplicationController.php, line 62
CakeEventManager::dispatch() - CORE/Cake/Event/CakeEventManager.php, line 243
Controller::startupProcess() - CORE/Cake/Controller/Controller.php, line 676
Dispatcher::_invoke() - CORE/Cake/Routing/Dispatcher.php, line 189
Dispatcher::dispatch() - CORE/Cake/Routing/Dispatcher.php, line 167
[main] - APP/webroot/index.php, line 117

2018-10-05 05:49:14 Warning: Warning (2): srand() expects parameter 1 to be integer, string given in [/var/www/html/cakephp/clickmedia/chesapeakeloanservices.xyz/lib/Cake/Utility/Security.php, line 190]
Trace:
srand - [internal], line ??
Security::cipher() - CORE/Cake/Utility/Security.php, line 190
CookieComponent::_encrypt() - CORE/Cake/Controller/Component/CookieComponent.php, line 483
CookieComponent::_write() - CORE/Cake/Controller/Component/CookieComponent.php, line 433
CookieComponent::write() - CORE/Cake/Controller/Component/CookieComponent.php, line 253
ApplicationController::beforeFilter() - APP/Controller/ApplicationController.php, line 62
CakeEventManager::dispatch() - CORE/Cake/Event/CakeEventManager.php, line 243
Controller::startupProcess() - CORE/Cake/Controller/Controller.php, line 676
Dispatcher::_invoke() - CORE/Cake/Routing/Dispatcher.php, line 189
Dispatcher::dispatch() - CORE/Cake/Routing/Dispatcher.php, line 167
[main] - APP/webroot/index.php, line 117

2018-10-05 05:49:49 Warning: Warning (2): srand() expects parameter 1 to be integer, string given in [/var/www/html/cakephp/clickmedia/chesapeakeloanservices.xyz/lib/Cake/Utility/Security.php, line 190]
Trace:
srand - [internal], line ??
Security::cipher() - CORE/Cake/Utility/Security.php, line 190
CookieComponent::_encrypt() - CORE/Cake/Controller/Component/CookieComponent.php, line 483
CookieComponent::_write() - CORE/Cake/Controller/Component/CookieComponent.php, line 433
CookieComponent::write() - CORE/Cake/Controller/Component/CookieComponent.php, line 253
ApplicationController::beforeFilter() - APP/Controller/ApplicationController.php, line 62
CakeEventManager::dispatch() - CORE/Cake/Event/CakeEventManager.php, line 243
Controller::startupProcess() - CORE/Cake/Controller/Controller.php, line 676
Dispatcher::_invoke() - CORE/Cake/Routing/Dispatcher.php, line 189
Dispatcher::dispatch() - CORE/Cake/Routing/Dispatcher.php, line 167
[main] - APP/webroot/index.php, line 117

2018-10-05 05:51:41 Warning: Warning (2): srand() expects parameter 1 to be integer, string given in [/var/www/html/cakephp/clickmedia/chesapeakeloanservices.xyz/lib/Cake/Utility/Security.php, line 190]
Trace:
srand - [internal], line ??
Security::cipher() - CORE/Cake/Utility/Security.php, line 190
CookieComponent::_encrypt() - CORE/Cake/Controller/Component/CookieComponent.php, line 483
CookieComponent::_write() - CORE/Cake/Controller/Component/CookieComponent.php, line 433
CookieComponent::write() - CORE/Cake/Controller/Component/CookieComponent.php, line 253
ApplicationController::beforeFilter() - APP/Controller/ApplicationController.php, line 62
CakeEventManager::dispatch() - CORE/Cake/Event/CakeEventManager.php, line 243
Controller::startupProcess() - CORE/Cake/Controller/Controller.php, line 676
Dispatcher::_invoke() - CORE/Cake/Routing/Dispatcher.php, line 189
Dispatcher::dispatch() - CORE/Cake/Routing/Dispatcher.php, line 167
[main] - APP/webroot/index.php, line 117

2018-10-05 05:51:41 Warning: Warning (2): srand() expects parameter 1 to be integer, string given in [/var/www/html/cakephp/clickmedia/chesapeakeloanservices.xyz/lib/Cake/Utility/Security.php, line 190]
Trace:
srand - [internal], line ??
Security::cipher() - CORE/Cake/Utility/Security.php, line 190
CookieComponent::_encrypt() - CORE/Cake/Controller/Component/CookieComponent.php, line 483
CookieComponent::_write() - CORE/Cake/Controller/Component/CookieComponent.php, line 433
CookieComponent::write() - CORE/Cake/Controller/Component/CookieComponent.php, line 253
ApplicationController::beforeFilter() - APP/Controller/ApplicationController.php, line 62
CakeEventManager::dispatch() - CORE/Cake/Event/CakeEventManager.php, line 243
Controller::startupProcess() - CORE/Cake/Controller/Controller.php, line 676
Dispatcher::_invoke() - CORE/Cake/Routing/Dispatcher.php, line 189
Dispatcher::dispatch() - CORE/Cake/Routing/Dispatcher.php, line 167
[main] - APP/webroot/index.php, line 117

2018-10-05 05:52:11 Warning: Warning (2): srand() expects parameter 1 to be integer, string given in [/var/www/html/cakephp/clickmedia/chesapeakeloanservices.xyz/lib/Cake/Utility/Security.php, line 190]
Trace:
srand - [internal], line ??
Security::cipher() - CORE/Cake/Utility/Security.php, line 190
CookieComponent::_encrypt() - CORE/Cake/Controller/Component/CookieComponent.php, line 483
CookieComponent::_write() - CORE/Cake/Controller/Component/CookieComponent.php, line 433
CookieComponent::write() - CORE/Cake/Controller/Component/CookieComponent.php, line 253
ApplicationController::beforeFilter() - APP/Controller/ApplicationController.php, line 62
CakeEventManager::dispatch() - CORE/Cake/Event/CakeEventManager.php, line 243
Controller::startupProcess() - CORE/Cake/Controller/Controller.php, line 676
Dispatcher::_invoke() - CORE/Cake/Routing/Dispatcher.php, line 189
Dispatcher::dispatch() - CORE/Cake/Routing/Dispatcher.php, line 167
[main] - APP/webroot/index.php, line 117

2018-10-05 05:55:11 Warning: Warning (2): srand() expects parameter 1 to be integer, string given in [/var/www/html/cakephp/clickmedia/chesapeakeloanservices.xyz/lib/Cake/Utility/Security.php, line 190]
Trace:
srand - [internal], line ??
Security::cipher() - CORE/Cake/Utility/Security.php, line 190
CookieComponent::_encrypt() - CORE/Cake/Controller/Component/CookieComponent.php, line 483
CookieComponent::_write() - CORE/Cake/Controller/Component/CookieComponent.php, line 433
CookieComponent::write() - CORE/Cake/Controller/Component/CookieComponent.php, line 253
ApplicationController::setSessionDataAjax() - APP/Controller/ApplicationController.php, line 398
ReflectionMethod::invokeArgs() - [internal], line ??
Controller::invokeAction() - CORE/Cake/Controller/Controller.php, line 490
Dispatcher::_invoke() - CORE/Cake/Routing/Dispatcher.php, line 193
Dispatcher::dispatch() - CORE/Cake/Routing/Dispatcher.php, line 167
[main] - APP/webroot/index.php, line 117

2018-10-05 05:55:11 Warning: Warning (2): srand() expects parameter 1 to be integer, string given in [/var/www/html/cakephp/clickmedia/chesapeakeloanservices.xyz/lib/Cake/Utility/Security.php, line 190]
Trace:
srand - [internal], line ??
Security::cipher() - CORE/Cake/Utility/Security.php, line 190
CookieComponent::_encrypt() - CORE/Cake/Controller/Component/CookieComponent.php, line 483
CookieComponent::_write() - CORE/Cake/Controller/Component/CookieComponent.php, line 433
CookieComponent::write() - CORE/Cake/Controller/Component/CookieComponent.php, line 253
ApplicationController::beforeFilter() - APP/Controller/ApplicationController.php, line 62
CakeEventManager::dispatch() - CORE/Cake/Event/CakeEventManager.php, line 243
Controller::startupProcess() - CORE/Cake/Controller/Controller.php, line 676
Dispatcher::_invoke() - CORE/Cake/Routing/Dispatcher.php, line 189
Dispatcher::dispatch() - CORE/Cake/Routing/Dispatcher.php, line 167
[main] - APP/webroot/index.php, line 117

2018-10-05 05:58:11 Warning: Warning (2): srand() expects parameter 1 to be integer, string given in [/var/www/html/cakephp/clickmedia/chesapeakeloanservices.xyz/lib/Cake/Utility/Security.php, line 190]
Trace:
srand - [internal], line ??
Security::cipher() - CORE/Cake/Utility/Security.php, line 190
CookieComponent::_encrypt() - CORE/Cake/Controller/Component/CookieComponent.php, line 483
CookieComponent::_write() - CORE/Cake/Controller/Component/CookieComponent.php, line 433
CookieComponent::write() - CORE/Cake/Controller/Component/CookieComponent.php, line 253
ApplicationController::setSessionDataAjax() - APP/Controller/ApplicationController.php, line 398
ReflectionMethod::invokeArgs() - [internal], line ??
Controller::invokeAction() - CORE/Cake/Controller/Controller.php, line 490
Dispatcher::_invoke() - CORE/Cake/Routing/Dispatcher.php, line 193
Dispatcher::dispatch() - CORE/Cake/Routing/Dispatcher.php, line 167
[main] - APP/webroot/index.php, line 117

2018-10-05 05:58:11 Warning: Warning (2): srand() expects parameter 1 to be integer, string given in [/var/www/html/cakephp/clickmedia/chesapeakeloanservices.xyz/lib/Cake/Utility/Security.php, line 190]
Trace:
srand - [internal], line ??
Security::cipher() - CORE/Cake/Utility/Security.php, line 190
CookieComponent::_encrypt() - CORE/Cake/Controller/Component/CookieComponent.php, line 483
CookieComponent::_write() - CORE/Cake/Controller/Component/CookieComponent.php, line 433
CookieComponent::write() - CORE/Cake/Controller/Component/CookieComponent.php, line 253
ApplicationController::beforeFilter() - APP/Controller/ApplicationController.php, line 62
CakeEventManager::dispatch() - CORE/Cake/Event/CakeEventManager.php, line 243
Controller::startupProcess() - CORE/Cake/Controller/Controller.php, line 676
Dispatcher::_invoke() - CORE/Cake/Routing/Dispatcher.php, line 189
Dispatcher::dispatch() - CORE/Cake/Routing/Dispatcher.php, line 167
[main] - APP/webroot/index.php, line 117

2018-10-05 06:01:11 Warning: Warning (2): srand() expects parameter 1 to be integer, string given in [/var/www/html/cakephp/clickmedia/chesapeakeloanservices.xyz/lib/Cake/Utility/Security.php, line 190]
Trace:
srand - [internal], line ??
Security::cipher() - CORE/Cake/Utility/Security.php, line 190
CookieComponent::_encrypt() - CORE/Cake/Controller/Component/CookieComponent.php, line 483
CookieComponent::_write() - CORE/Cake/Controller/Component/CookieComponent.php, line 433
CookieComponent::write() - CORE/Cake/Controller/Component/CookieComponent.php, line 253
ApplicationController::setSessionDataAjax() - APP/Controller/ApplicationController.php, line 398
ReflectionMethod::invokeArgs() - [internal], line ??
Controller::invokeAction() - CORE/Cake/Controller/Controller.php, line 490
Dispatcher::_invoke() - CORE/Cake/Routing/Dispatcher.php, line 193
Dispatcher::dispatch() - CORE/Cake/Routing/Dispatcher.php, line 167
[main] - APP/webroot/index.php, line 117

2018-10-05 06:01:11 Warning: Warning (2): srand() expects parameter 1 to be integer, string given in [/var/www/html/cakephp/clickmedia/chesapeakeloanservices.xyz/lib/Cake/Utility/Security.php, line 190]
Trace:
srand - [internal], line ??
Security::cipher() - CORE/Cake/Utility/Security.php, line 190
CookieComponent::_encrypt() - CORE/Cake/Controller/Component/CookieComponent.php, line 483
CookieComponent::_write() - CORE/Cake/Controller/Component/CookieComponent.php, line 433
CookieComponent::write() - CORE/Cake/Controller/Component/CookieComponent.php, line 253
ApplicationController::beforeFilter() - APP/Controller/ApplicationController.php, line 62
CakeEventManager::dispatch() - CORE/Cake/Event/CakeEventManager.php, line 243
Controller::startupProcess() - CORE/Cake/Controller/Controller.php, line 676
Dispatcher::_invoke() - CORE/Cake/Routing/Dispatcher.php, line 189
Dispatcher::dispatch() - CORE/Cake/Routing/Dispatcher.php, line 167
[main] - APP/webroot/index.php, line 117

2018-10-05 06:04:12 Warning: Warning (2): srand() expects parameter 1 to be integer, string given in [/var/www/html/cakephp/clickmedia/chesapeakeloanservices.xyz/lib/Cake/Utility/Security.php, line 190]
Trace:
srand - [internal], line ??
Security::cipher() - CORE/Cake/Utility/Security.php, line 190
CookieComponent::_encrypt() - CORE/Cake/Controller/Component/CookieComponent.php, line 483
CookieComponent::_write() - CORE/Cake/Controller/Component/CookieComponent.php, line 433
CookieComponent::write() - CORE/Cake/Controller/Component/CookieComponent.php, line 253
ApplicationController::setSessionDataAjax() - APP/Controller/ApplicationController.php, line 398
ReflectionMethod::invokeArgs() - [internal], line ??
Controller::invokeAction() - CORE/Cake/Controller/Controller.php, line 490
Dispatcher::_invoke() - CORE/Cake/Routing/Dispatcher.php, line 193
Dispatcher::dispatch() - CORE/Cake/Routing/Dispatcher.php, line 167
[main] - APP/webroot/index.php, line 117

2018-10-05 06:04:12 Warning: Warning (2): srand() expects parameter 1 to be integer, string given in [/var/www/html/cakephp/clickmedia/chesapeakeloanservices.xyz/lib/Cake/Utility/Security.php, line 190]
Trace:
srand - [internal], line ??
Security::cipher() - CORE/Cake/Utility/Security.php, line 190
CookieComponent::_encrypt() - CORE/Cake/Controller/Component/CookieComponent.php, line 483
CookieComponent::_write() - CORE/Cake/Controller/Component/CookieComponent.php, line 433
CookieComponent::write() - CORE/Cake/Controller/Component/CookieComponent.php, line 253
ApplicationController::beforeFilter() - APP/Controller/ApplicationController.php, line 62
CakeEventManager::dispatch() - CORE/Cake/Event/CakeEventManager.php, line 243
Controller::startupProcess() - CORE/Cake/Controller/Controller.php, line 676
Dispatcher::_invoke() - CORE/Cake/Routing/Dispatcher.php, line 189
Dispatcher::dispatch() - CORE/Cake/Routing/Dispatcher.php, line 167
[main] - APP/webroot/index.php, line 117

2018-10-05 06:07:12 Warning: Warning (2): srand() expects parameter 1 to be integer, string given in [/var/www/html/cakephp/clickmedia/chesapeakeloanservices.xyz/lib/Cake/Utility/Security.php, line 190]
Trace:
srand - [internal], line ??
Security::cipher() - CORE/Cake/Utility/Security.php, line 190
CookieComponent::_encrypt() - CORE/Cake/Controller/Component/CookieComponent.php, line 483
CookieComponent::_write() - CORE/Cake/Controller/Component/CookieComponent.php, line 433
CookieComponent::write() - CORE/Cake/Controller/Component/CookieComponent.php, line 253
ApplicationController::beforeFilter() - APP/Controller/ApplicationController.php, line 62
CakeEventManager::dispatch() - CORE/Cake/Event/CakeEventManager.php, line 243
Controller::startupProcess() - CORE/Cake/Controller/Controller.php, line 676
Dispatcher::_invoke() - CORE/Cake/Routing/Dispatcher.php, line 189
Dispatcher::dispatch() - CORE/Cake/Routing/Dispatcher.php, line 167
[main] - APP/webroot/index.php, line 117

2018-10-05 06:07:43 Warning: Warning (2): srand() expects parameter 1 to be integer, string given in [/var/www/html/cakephp/clickmedia/chesapeakeloanservices.xyz/lib/Cake/Utility/Security.php, line 190]
Trace:
srand - [internal], line ??
Security::cipher() - CORE/Cake/Utility/Security.php, line 190
CookieComponent::_encrypt() - CORE/Cake/Controller/Component/CookieComponent.php, line 483
CookieComponent::_write() - CORE/Cake/Controller/Component/CookieComponent.php, line 433
CookieComponent::write() - CORE/Cake/Controller/Component/CookieComponent.php, line 253
ApplicationController::beforeFilter() - APP/Controller/ApplicationController.php, line 62
CakeEventManager::dispatch() - CORE/Cake/Event/CakeEventManager.php, line 243
Controller::startupProcess() - CORE/Cake/Controller/Controller.php, line 676
Dispatcher::_invoke() - CORE/Cake/Routing/Dispatcher.php, line 189
Dispatcher::dispatch() - CORE/Cake/Routing/Dispatcher.php, line 167
[main] - APP/webroot/index.php, line 117

2018-10-05 06:10:12 Warning: Warning (2): srand() expects parameter 1 to be integer, string given in [/var/www/html/cakephp/clickmedia/chesapeakeloanservices.xyz/lib/Cake/Utility/Security.php, line 190]
Trace:
srand - [internal], line ??
Security::cipher() - CORE/Cake/Utility/Security.php, line 190
CookieComponent::_encrypt() - CORE/Cake/Controller/Component/CookieComponent.php, line 483
CookieComponent::_write() - CORE/Cake/Controller/Component/CookieComponent.php, line 433
CookieComponent::write() - CORE/Cake/Controller/Component/CookieComponent.php, line 253
ApplicationController::beforeFilter() - APP/Controller/ApplicationController.php, line 62
CakeEventManager::dispatch() - CORE/Cake/Event/CakeEventManager.php, line 243
Controller::startupProcess() - CORE/Cake/Controller/Controller.php, line 676
Dispatcher::_invoke() - CORE/Cake/Routing/Dispatcher.php, line 189
Dispatcher::dispatch() - CORE/Cake/Routing/Dispatcher.php, line 167
[main] - APP/webroot/index.php, line 117

2018-10-05 06:10:24 Warning: Warning (2): srand() expects parameter 1 to be integer, string given in [/var/www/html/cakephp/clickmedia/chesapeakeloanservices.xyz/lib/Cake/Utility/Security.php, line 190]
Trace:
srand - [internal], line ??
Security::cipher() - CORE/Cake/Utility/Security.php, line 190
CookieComponent::_encrypt() - CORE/Cake/Controller/Component/CookieComponent.php, line 483
CookieComponent::_write() - CORE/Cake/Controller/Component/CookieComponent.php, line 433
CookieComponent::write() - CORE/Cake/Controller/Component/CookieComponent.php, line 253
ApplicationController::beforeFilter() - APP/Controller/ApplicationController.php, line 62
CakeEventManager::dispatch() - CORE/Cake/Event/CakeEventManager.php, line 243
Controller::startupProcess() - CORE/Cake/Controller/Controller.php, line 676
Dispatcher::_invoke() - CORE/Cake/Routing/Dispatcher.php, line 189
Dispatcher::dispatch() - CORE/Cake/Routing/Dispatcher.php, line 167
[main] - APP/webroot/index.php, line 117

2018-10-05 06:10:24 Warning: Warning (2): srand() expects parameter 1 to be integer, string given in [/var/www/html/cakephp/clickmedia/chesapeakeloanservices.xyz/lib/Cake/Utility/Security.php, line 190]
Trace:
srand - [internal], line ??
Security::cipher() - CORE/Cake/Utility/Security.php, line 190
CookieComponent::_encrypt() - CORE/Cake/Controller/Component/CookieComponent.php, line 483
CookieComponent::_write() - CORE/Cake/Controller/Component/CookieComponent.php, line 433
CookieComponent::write() - CORE/Cake/Controller/Component/CookieComponent.php, line 253
ApplicationController::beforeFilter() - APP/Controller/ApplicationController.php, line 62
CakeEventManager::dispatch() - CORE/Cake/Event/CakeEventManager.php, line 243
Controller::startupProcess() - CORE/Cake/Controller/Controller.php, line 676
Dispatcher::_invoke() - CORE/Cake/Routing/Dispatcher.php, line 189
Dispatcher::dispatch() - CORE/Cake/Routing/Dispatcher.php, line 167
[main] - APP/webroot/index.php, line 117

2018-10-05 06:10:42 Warning: Warning (2): srand() expects parameter 1 to be integer, string given in [/var/www/html/cakephp/clickmedia/chesapeakeloanservices.xyz/lib/Cake/Utility/Security.php, line 190]
Trace:
srand - [internal], line ??
Security::cipher() - CORE/Cake/Utility/Security.php, line 190
CookieComponent::_encrypt() - CORE/Cake/Controller/Component/CookieComponent.php, line 483
CookieComponent::_write() - CORE/Cake/Controller/Component/CookieComponent.php, line 433
CookieComponent::write() - CORE/Cake/Controller/Component/CookieComponent.php, line 253
ApplicationController::beforeFilter() - APP/Controller/ApplicationController.php, line 62
CakeEventManager::dispatch() - CORE/Cake/Event/CakeEventManager.php, line 243
Controller::startupProcess() - CORE/Cake/Controller/Controller.php, line 676
Dispatcher::_invoke() - CORE/Cake/Routing/Dispatcher.php, line 189
Dispatcher::dispatch() - CORE/Cake/Routing/Dispatcher.php, line 167
[main] - APP/webroot/index.php, line 117

2018-10-05 06:11:12 Warning: Warning (2): srand() expects parameter 1 to be integer, string given in [/var/www/html/cakephp/clickmedia/chesapeakeloanservices.xyz/lib/Cake/Utility/Security.php, line 190]
Trace:
srand - [internal], line ??
Security::cipher() - CORE/Cake/Utility/Security.php, line 190
CookieComponent::_encrypt() - CORE/Cake/Controller/Component/CookieComponent.php, line 483
CookieComponent::_write() - CORE/Cake/Controller/Component/CookieComponent.php, line 433
CookieComponent::write() - CORE/Cake/Controller/Component/CookieComponent.php, line 253
ApplicationController::beforeFilter() - APP/Controller/ApplicationController.php, line 62
CakeEventManager::dispatch() - CORE/Cake/Event/CakeEventManager.php, line 243
Controller::startupProcess() - CORE/Cake/Controller/Controller.php, line 676
Dispatcher::_invoke() - CORE/Cake/Routing/Dispatcher.php, line 189
Dispatcher::dispatch() - CORE/Cake/Routing/Dispatcher.php, line 167
[main] - APP/webroot/index.php, line 117

